[0m20:06:59.189029 [debug] [MainThread]: Sending event: {'category': 'dbt', 'action': 'invocation', 'label': 'start', 'context': [<snowplow_tracker.self_describing_json.SelfDescribingJson object at 0x0000018CBAF21820>, <snowplow_tracker.self_describing_json.SelfDescribingJson object at 0x0000018CBD624D40>, <snowplow_tracker.self_describing_json.SelfDescribingJson object at 0x0000018CBD625850>]}


============================== 20:06:59.434090 | 766aaaf9-042a-4392-891e-954927c5439d ==============================
[0m20:06:59.434090 [info ] [MainThread]: Running with dbt=1.11.8
[0m20:06:59.439544 [debug] [MainThread]: running dbt with arguments {'static_parser': 'True', 'no_print': 'None', 'version_check': 'True', 'warn_error_options': 'WarnErrorOptionsV2(error=[], warn=[], silence=[])', 'target_path': 'None', 'printer_width': '80', 'write_json': 'True', 'empty': 'None', 'log_cache_events': 'False', 'introspect': 'True', 'cache_selected_only': 'False', 'fail_fast': 'False', 'debug': 'False', 'log_format': 'default', 'profiles_dir': 'C:\\Users\\sleep\\.dbt', 'send_anonymous_usage_stats': 'True', 'quiet': 'False', 'warn_error': 'None', 'partial_parse': 'True', 'use_colors': 'True', 'invocation_command': 'dbt init', 'indirect_selection': 'eager', 'use_experimental_parser': 'False', 'log_path': 'logs'}
[0m20:06:59.926147 [info ] [MainThread]: Creating dbt configuration folder at C:\Users\sleep\.dbt
[0m20:07:42.573598 [debug] [MainThread]: Starter project path: C:\Users\sleep\Desktop\dbt_tutorial\.venv\Lib\site-packages\dbt\include\starter_project
[0m20:07:42.628325 [info ] [MainThread]: 
Your new dbt project "dbt_learning" was created!

For more information on how to configure the profiles.yml file,
please consult the dbt documentation here:

  https://docs.getdbt.com/docs/configure-your-profile

One more thing:

Need help? Don't hesitate to reach out to us via GitHub issues or on Slack:

  https://community.getdbt.com/

Happy modeling!

[0m20:07:42.628325 [info ] [MainThread]: Setting up your profile.
[0m20:08:31.639475 [debug] [MainThread]: Spark adapter: Setting pyhive.hive logging to ERROR
[0m20:08:31.639475 [debug] [MainThread]: Spark adapter: Setting thrift.transport logging to ERROR
[0m20:08:31.639475 [debug] [MainThread]: Spark adapter: Setting thrift.protocol logging to ERROR
[0m20:13:50.991617 [info ] [MainThread]: Profile dbt_learning written to C:\Users\sleep\.dbt\profiles.yml using target's profile_template.yml and your supplied values. Run 'dbt debug' to validate the connection.
[0m20:13:50.996598 [debug] [MainThread]: Command `dbt init` succeeded at 20:13:50.996598 after 411.98 seconds
[0m20:13:50.999252 [debug] [MainThread]: Sending event: {'category': 'dbt', 'action': 'invocation', 'label': 'end', 'context': [<snowplow_tracker.self_describing_json.SelfDescribingJson object at 0x0000018CDB6C4C20>, <snowplow_tracker.self_describing_json.SelfDescribingJson object at 0x0000018CD9253E60>, <snowplow_tracker.self_describing_json.SelfDescribingJson object at 0x0000018CDB9402F0>]}
[0m20:13:50.999252 [debug] [MainThread]: Flushing usage events
[0m20:13:53.001845 [debug] [MainThread]: An error was encountered while trying to flush usage events
[0m20:14:18.839708 [debug] [MainThread]: Sending event: {'category': 'dbt', 'action': 'invocation', 'label': 'start', 'context': [<snowplow_tracker.self_describing_json.SelfDescribingJson object at 0x000001C032044530>, <snowplow_tracker.self_describing_json.SelfDescribingJson object at 0x000001C0320D1A90>, <snowplow_tracker.self_describing_json.SelfDescribingJson object at 0x000001C0315A6360>]}


============================== 20:14:18.842829 | 09b3e7a1-0a04-4905-baa5-f5a8e1a7a747 ==============================
[0m20:14:18.842829 [info ] [MainThread]: Running with dbt=1.11.8
[0m20:14:18.842829 [debug] [MainThread]: running dbt with arguments {'static_parser': 'True', 'no_print': 'None', 'version_check': 'True', 'warn_error_options': 'WarnErrorOptionsV2(error=[], warn=[], silence=[])', 'target_path': 'None', 'printer_width': '80', 'write_json': 'True', 'introspect': 'True', 'log_cache_events': 'False', 'empty': 'None', 'cache_selected_only': 'False', 'fail_fast': 'False', 'debug': 'False', 'log_format': 'default', 'profiles_dir': 'C:\\Users\\sleep\\.dbt', 'send_anonymous_usage_stats': 'True', 'quiet': 'False', 'warn_error': 'None', 'partial_parse': 'True', 'use_colors': 'True', 'indirect_selection': 'eager', 'invocation_command': 'dbt debug', 'use_experimental_parser': 'False', 'log_path': 'logs'}
[0m20:14:18.931393 [info ] [MainThread]: dbt version: 1.11.8
[0m20:14:18.934495 [info ] [MainThread]: python version: 3.12.10
[0m20:14:18.934495 [info ] [MainThread]: python path: C:\Users\sleep\Desktop\dbt_tutorial\.venv\Scripts\python.exe
[0m20:14:18.934495 [info ] [MainThread]: os info: Windows-11-10.0.26100-SP0
[0m20:14:20.227240 [debug] [MainThread]: Spark adapter: Setting pyhive.hive logging to ERROR
[0m20:14:20.229250 [debug] [MainThread]: Spark adapter: Setting thrift.transport logging to ERROR
[0m20:14:20.229250 [debug] [MainThread]: Spark adapter: Setting thrift.protocol logging to ERROR
[0m20:14:21.218272 [info ] [MainThread]: Using profiles dir at C:\Users\sleep\.dbt
[0m20:14:21.218272 [info ] [MainThread]: Using profiles.yml file at C:\Users\sleep\.dbt\profiles.yml
[0m20:14:21.218272 [info ] [MainThread]: Using dbt_project.yml file at C:\Users\sleep\Desktop\dbt_tutorial\dbt_project.yml
[0m20:14:21.218272 [info ] [MainThread]: adapter type: databricks
[0m20:14:21.218272 [info ] [MainThread]: adapter version: 1.11.7
[0m20:14:21.218272 [info ] [MainThread]: Configuration:
[0m20:14:21.218272 [info ] [MainThread]:   profiles.yml file [[32mOK found and valid[0m]
[0m20:14:21.218272 [info ] [MainThread]:   dbt_project.yml file [[31mERROR not found[0m]
[0m20:14:21.218272 [info ] [MainThread]: Required dependencies:
[0m20:14:21.218272 [debug] [MainThread]: Executing "git --help"
[0m20:14:21.317753 [debug] [MainThread]: STDOUT: "b"usage: git [-v | --version] [-h | --help] [-C <path>] [-c <name>=<value>]\n           [--exec-path[=<path>]] [--html-path] [--man-path] [--info-path]\n           [-p | --paginate | -P | --no-pager] [--no-replace-objects] [--no-lazy-fetch]\n           [--no-optional-locks] [--no-advice] [--bare] [--git-dir=<path>]\n           [--work-tree=<path>] [--namespace=<name>] [--config-env=<name>=<envvar>]\n           <command> [<args>]\n\nThese are common Git commands used in various situations:\n\nstart a working area (see also: git help tutorial)\n   clone      Clone a repository into a new directory\n   init       Create an empty Git repository or reinitialize an existing one\n\nwork on the current change (see also: git help everyday)\n   add        Add file contents to the index\n   mv         Move or rename a file, a directory, or a symlink\n   restore    Restore working tree files\n   rm         Remove files from the working tree and from the index\n\nexamine the history and state (see also: git help revisions)\n   bisect     Use binary search to find the commit that introduced a bug\n   diff       Show changes between commits, commit and working tree, etc\n   grep       Print lines matching a pattern\n   log        Show commit logs\n   show       Show various types of objects\n   status     Show the working tree status\n\ngrow, mark and tweak your common history\n   backfill   Download missing objects in a partial clone\n   branch     List, create, or delete branches\n   commit     Record changes to the repository\n   merge      Join two or more development histories together\n   rebase     Reapply commits on top of another base tip\n   reset      Reset current HEAD to the specified state\n   switch     Switch branches\n   tag        Create, list, delete or verify tags\n\ncollaborate (see also: git help workflows)\n   fetch      Download objects and refs from another repository\n   pull       Fetch from and integrate with another repository or a local branch\n   push       Update remote refs along with associated objects\n\n'git help -a' and 'git help -g' list available subcommands and some\nconcept guides. See 'git help <command>' or 'git help <concept>'\nto read about a specific subcommand or concept.\nSee 'git help git' for an overview of the system.\n""
[0m20:14:21.317753 [debug] [MainThread]: STDERR: "b''"
[0m20:14:21.319763 [info ] [MainThread]:  - git [[32mOK found[0m]

[0m20:14:21.319763 [info ] [MainThread]: Connection:
[0m20:14:21.319763 [info ] [MainThread]:   host: dbc-46c65373-284c.cloud.databricks.com
[0m20:14:21.321773 [info ] [MainThread]:   http_path: /sql/1.0/warehouses/c813aef69da4d4cc
[0m20:14:21.321773 [info ] [MainThread]:   catalog: dbt_tutorial_dev
[0m20:14:21.321773 [info ] [MainThread]:   schema: default
[0m20:14:21.321773 [info ] [MainThread]: Registered adapter: databricks=1.11.7
[0m20:14:22.047091 [warn ] [MainThread]: [[33mWARNING[0m]: Use managed Iceberg tables when table_format is iceberg. When this flag is disabled, UniForm is used instead.
You may opt into the new behavior sooner by setting `flags.use_managed_iceberg` to `True` in `dbt_project.yml`.
Visit https://docs.getdbt.com/reference/global-configs/behavior-changes for more information.
[0m20:14:22.049371 [debug] [MainThread]: Sending event: {'category': 'dbt', 'action': 'BehaviorChangeEvent', 'label': '09b3e7a1-0a04-4905-baa5-f5a8e1a7a747', 'context': [<snowplow_tracker.self_describing_json.SelfDescribingJson object at 0x000001C04FA7EF90>]}
[0m20:14:22.049371 [debug] [MainThread]: Databricks adapter: DatabricksDBTConnection(session-id=None, name=debug) - Creating connection
[0m20:14:22.049371 [debug] [MainThread]: Acquiring new databricks connection 'debug'
[0m20:14:22.049371 [debug] [MainThread]: Using databricks connection "debug"
[0m20:14:22.049371 [debug] [MainThread]: On debug: select 1 as id
[0m20:14:22.049371 [debug] [MainThread]: Opening a new connection, currently in state init
[0m20:14:23.619639 [debug] [MainThread]: Databricks adapter: Connection(session-id=01f14c7e-af70-1a53-a3bf-ac154a22e8e1) - Created
[0m20:14:24.360709 [debug] [MainThread]: SQL status: OK in 2.310 seconds
[0m20:14:24.365922 [debug] [MainThread]: Databricks adapter: Cursor(session-id=01f14c7e-af70-1a53-a3bf-ac154a22e8e1, command-id=01f14c7e-afa6-1f6b-8e90-96aa7f999c3f) - Closing
[0m20:14:24.367931 [debug] [MainThread]: On debug: Close
[0m20:14:24.367931 [debug] [MainThread]: Databricks adapter: Connection(session-id=01f14c7e-af70-1a53-a3bf-ac154a22e8e1) - Closing
[0m20:14:24.666384 [info ] [MainThread]:   Connection test: [[32mOK connection ok[0m]

[0m20:14:24.666384 [info ] [MainThread]: [31m1 check failed:[0m
[0m20:14:24.666384 [info ] [MainThread]: Project loading failed for the following reason:
 project path <C:\Users\sleep\Desktop\dbt_tutorial\dbt_project.yml> not found

[0m20:14:24.666384 [debug] [MainThread]: Command `dbt debug` failed at 20:14:24.666384 after 6.03 seconds
[0m20:14:24.666384 [debug] [MainThread]: Sending event: {'category': 'dbt', 'action': 'invocation', 'label': 'end', 'context': [<snowplow_tracker.self_describing_json.SelfDescribingJson object at 0x000001C0315A6360>, <snowplow_tracker.self_describing_json.SelfDescribingJson object at 0x000001C030D82180>, <snowplow_tracker.self_describing_json.SelfDescribingJson object at 0x000001C031E49D60>]}
[0m20:14:24.673930 [debug] [MainThread]: Flushing usage events
[0m20:14:26.276155 [debug] [MainThread]: An error was encountered while trying to flush usage events
[0m12:25:13.873271 [debug] [MainThread]: Sending event: {'category': 'dbt', 'action': 'invocation', 'label': 'start', 'context': [<snowplow_tracker.self_describing_json.SelfDescribingJson object at 0x00000209C0633020>, <snowplow_tracker.self_describing_json.SelfDescribingJson object at 0x00000209BEB76810>, <snowplow_tracker.self_describing_json.SelfDescribingJson object at 0x00000209BB69DE80>]}


============================== 12:25:13.881310 | 4ee6bfb1-cefe-44d3-a1c5-5560cf273f21 ==============================
[0m12:25:13.881310 [info ] [MainThread]: Running with dbt=1.11.8
[0m12:25:13.881816 [debug] [MainThread]: running dbt with arguments {'version_check': 'True', 'no_print': 'None', 'static_parser': 'True', 'target_path': 'None', 'warn_error_options': 'WarnErrorOptionsV2(error=[], warn=[], silence=[])', 'printer_width': '80', 'write_json': 'True', 'introspect': 'True', 'log_cache_events': 'False', 'empty': 'False', 'cache_selected_only': 'False', 'log_format': 'default', 'debug': 'False', 'fail_fast': 'False', 'partial_parse': 'True', 'send_anonymous_usage_stats': 'True', 'quiet': 'False', 'warn_error': 'None', 'profiles_dir': 'C:\\Users\\sleep\\.dbt', 'invocation_command': 'dbt compile', 'use_colors': 'True', 'indirect_selection': 'eager', 'use_experimental_parser': 'False', 'log_path': 'logs'}
[0m12:25:13.883824 [error] [MainThread]: Encountered an error:
Runtime Error
  No dbt_project.yml found at expected path C:\Users\sleep\Desktop\dbt_tutorial\dbt_project.yml
  Verify that each entry within packages.yml (and their transitive dependencies) contains a file named dbt_project.yml
  
[0m12:25:13.883824 [debug] [MainThread]: Command `dbt compile` failed at 12:25:13.883824 after 0.26 seconds
[0m12:25:13.885833 [debug] [MainThread]: Sending event: {'category': 'dbt', 'action': 'invocation', 'label': 'end', 'context': [<snowplow_tracker.self_describing_json.SelfDescribingJson object at 0x00000209BEEBD070>, <snowplow_tracker.self_describing_json.SelfDescribingJson object at 0x00000209C05EEFC0>, <snowplow_tracker.self_describing_json.SelfDescribingJson object at 0x00000209BEEF0C80>]}
[0m12:25:13.885833 [debug] [MainThread]: Flushing usage events
[0m12:25:15.424063 [debug] [MainThread]: An error was encountered while trying to flush usage events
